16:41:37,194 root INFO configurando webdriver
16:41:47,584 root INFO realizando login
16:42:07,361 root INFO Waiting for round to end...
16:42:17,743 root INFO checking previous spins...
16:42:18,196 root INFO setting bet amount 2.0
16:42:18,428 root INFO choosing black color
16:42:18,429 root INFO placing bet 2.0 on black color
16:42:28,892 root INFO Waiting for round to end...
16:42:38,961 root INFO Waiting for round to end...
16:42:49,498 root INFO checking previous spins...
16:42:50,44 root INFO setting bet amount 2.0
16:42:50,269 root INFO choosing black color
16:42:50,269 root INFO placing bet 2.0 on black color
16:43:00,622 root INFO Waiting for round to end...
16:43:10,723 root INFO Waiting for round to end...
16:43:21,261 root INFO checking previous spins...
16:43:21,819 root INFO setting bet amount 2.0
16:43:22,107 root INFO choosing black color
16:43:22,107 root INFO placing bet 2.0 on black color
16:43:32,604 root INFO Waiting for round to end...
16:43:42,708 root INFO Waiting for round to end...
16:43:53,206 root INFO checking previous spins...
16:43:53,913 root INFO setting bet amount 2.0
16:43:54,189 root INFO choosing black color
16:43:54,189 root INFO placing bet 2.0 on black color
16:44:04,683 root INFO Waiting for round to end...
16:44:14,991 root INFO Waiting for round to end...
16:44:25,537 root INFO checking previous spins...
16:44:35,798 root INFO Waiting for round to end...
16:44:46,221 root INFO Waiting for round to end...
16:44:56,639 root INFO checking previous spins...
16:45:07,23 root INFO Waiting for round to end...
16:45:17,214 root INFO Waiting for round to end...
16:45:27,643 root INFO checking previous spins...
16:45:38,167 root INFO checking previous spins...
16:45:48,447 root INFO Waiting for round to end...
16:45:58,735 root INFO checking previous spins...
16:46:09,192 root INFO checking previous spins...
16:46:19,462 root INFO Waiting for round to end...
16:46:29,805 root INFO checking previous spins...
16:46:40,333 root INFO checking previous spins...
16:46:50,595 root INFO Waiting for round to end...
16:47:00,963 root INFO checking previous spins...
16:47:11,526 root INFO checking previous spins...
16:47:21,885 root INFO Waiting for round to end...
16:47:32,220 root INFO checking previous spins...
16:47:42,705 root INFO checking previous spins...
16:47:52,943 root INFO Waiting for round to end...
16:48:03,247 root INFO checking previous spins...
16:48:13,850 root INFO checking previous spins...
16:48:24,276 root INFO Waiting for round to end...
16:48:34,522 root INFO checking previous spins...
16:48:44,966 root INFO checking previous spins...
16:48:55,245 root INFO Waiting for round to end...
16:49:05,339 root INFO Waiting for round to end...
16:49:15,767 root INFO checking previous spins...
16:49:26,11 root INFO Waiting for round to end...
16:49:36,88 root INFO Waiting for round to end...
16:49:46,467 root INFO checking previous spins...
16:49:56,679 root INFO Waiting for round to end...
16:50:06,780 root INFO Waiting for round to end...
16:50:17,306 root INFO checking previous spins...
16:50:27,618 root INFO Waiting for round to end...
16:50:37,722 root INFO Waiting for round to end...
16:50:48,139 root INFO checking previous spins...
16:50:58,428 root INFO Waiting for round to end...
16:51:08,701 root INFO Waiting for round to end...
16:51:19,86 root INFO checking previous spins...
16:51:29,423 root INFO Waiting for round to end...
16:51:39,733 root INFO Waiting for round to end...
16:51:50,165 root INFO checking previous spins...
16:51:50,630 root INFO setting bet amount 2.0
16:51:50,841 root INFO choosing black color
16:51:50,841 root INFO placing bet 2.0 on black color
16:52:01,385 root INFO Waiting for round to end...
16:52:11,782 root INFO Waiting for round to end...
16:52:22,278 root INFO checking previous spins...
16:52:32,587 root INFO Waiting for round to end...
16:52:42,974 root INFO Waiting for round to end...
16:52:53,396 root INFO checking previous spins...
16:53:03,720 root INFO Waiting for round to end...
16:53:14,94 root INFO Waiting for round to end...
16:53:24,563 root INFO checking previous spins...
16:53:35,14 root INFO Waiting for round to end...
16:53:45,401 root INFO Waiting for round to end...
16:53:55,866 root INFO checking previous spins...
16:54:06,387 root INFO Waiting for round to end...
16:54:16,744 root INFO Waiting for round to end...
16:54:27,226 root INFO checking previous spins...
16:54:37,773 root INFO Waiting for round to end...
16:54:47,847 root INFO Waiting for round to end...
16:54:58,332 root INFO checking previous spins...
16:54:58,789 root INFO setting bet amount 2.0
16:54:59,11 root INFO choosing red color
16:54:59,11 root INFO placing bet 2.0 on red color
16:55:09,738 root INFO Waiting for round to end...
16:55:20,81 root INFO Waiting for round to end...
16:55:30,494 root INFO checking previous spins...
16:55:40,963 root INFO Waiting for round to end...
16:55:51,38 root INFO Waiting for round to end...
16:56:01,474 root INFO checking previous spins...
16:56:12,117 root INFO Waiting for round to end...
16:56:22,212 root INFO Waiting for round to end...
16:56:32,627 root INFO checking previous spins...
16:56:43,130 root INFO checking previous spins...
16:56:53,528 root INFO Waiting for round to end...
16:57:03,962 root INFO checking previous spins...
16:57:14,536 root INFO checking previous spins...
16:57:24,777 root INFO Waiting for round to end...
16:57:35,131 root INFO checking previous spins...
16:57:35,616 root INFO setting bet amount 2.0
16:57:35,867 root INFO choosing red color
16:57:35,867 root INFO placing bet 2.0 on red color
16:57:46,489 root INFO Waiting for round to end...
16:57:56,575 root INFO Waiting for round to end...
16:58:06,962 root INFO checking previous spins...
16:58:17,532 root INFO checking previous spins...
16:58:27,742 root INFO Waiting for round to end...
16:58:38,469 root INFO checking previous spins...
16:58:49,151 root INFO checking previous spins...
16:58:59,352 root INFO Waiting for round to end...
16:59:09,765 root INFO checking previous spins...
16:59:10,196 root INFO setting bet amount 2.0
16:59:10,401 root INFO choosing black color
16:59:10,401 root INFO placing bet 2.0 on black color
16:59:21,43 root INFO Waiting for round to end...
16:59:31,161 root INFO Waiting for round to end...
16:59:41,817 root INFO checking previous spins...
16:59:42,283 root INFO setting bet amount 2.0
16:59:42,521 root INFO choosing black color
16:59:42,522 root INFO placing bet 2.0 on black color
16:59:53,89 root INFO Waiting for round to end...
17:00:03,161 root INFO Waiting for round to end...
17:00:13,760 root INFO checking previous spins...
17:00:24,334 root INFO checking previous spins...
17:00:34,587 root INFO Waiting for round to end...
17:00:45,177 root INFO checking previous spins...
17:00:55,627 root INFO checking previous spins...
17:01:05,868 root INFO Waiting for round to end...
17:01:16,326 root INFO checking previous spins...
17:01:26,873 root INFO checking previous spins...
17:01:37,86 root INFO Waiting for round to end...
17:01:47,586 root INFO checking previous spins...
17:01:58,251 root INFO checking previous spins...
17:02:08,517 root INFO Waiting for round to end...
17:02:18,909 root INFO checking previous spins...
17:02:19,414 root INFO setting bet amount 2.0
17:02:19,600 root INFO choosing black color
17:02:19,600 root INFO placing bet 2.0 on black color
17:02:30,274 root INFO Waiting for round to end...
17:02:40,493 root INFO Waiting for round to end...
17:02:50,887 root INFO checking previous spins...
17:02:51,393 root INFO setting bet amount 2.0
17:02:51,662 root INFO choosing black color
17:02:51,662 root INFO placing bet 2.0 on black color
17:03:02,346 root INFO Waiting for round to end...
17:03:12,463 root INFO Waiting for round to end...
17:03:22,893 root INFO checking previous spins...
17:03:23,480 root INFO setting bet amount 2.0
17:03:23,710 root INFO choosing black color
17:03:23,710 root INFO placing bet 2.0 on black color
17:03:34,364 root INFO Waiting for round to end...
17:03:44,534 root INFO Waiting for round to end...
17:03:54,943 root INFO checking previous spins...
17:04:05,460 root INFO checking previous spins...
17:04:15,719 root INFO Waiting for round to end...
17:04:26,138 root INFO checking previous spins...
17:04:36,756 root INFO checking previous spins...
17:04:47,152 root INFO Waiting for round to end...
17:04:57,475 root INFO checking previous spins...
17:05:07,988 root INFO checking previous spins...
17:05:18,217 root INFO Waiting for round to end...
17:05:28,510 root INFO checking previous spins...
17:05:39,32 root INFO checking previous spins...
17:05:49,385 root INFO Waiting for round to end...
17:05:59,456 root INFO Waiting for round to end...
17:06:09,910 root INFO checking previous spins...
17:06:20,260 root INFO Waiting for round to end...
17:06:30,320 root INFO Waiting for round to end...
17:06:40,722 root INFO checking previous spins...
17:06:41,207 root INFO setting bet amount 2.0
17:06:41,481 root INFO choosing red color
17:06:41,482 root INFO placing bet 2.0 on red color
17:06:51,977 root INFO Waiting for round to end...
17:07:02,82 root INFO Waiting for round to end...
17:07:12,498 root INFO checking previous spins...
17:07:22,791 root INFO Waiting for round to end...
17:07:32,884 root INFO Waiting for round to end...
17:07:43,327 root INFO checking previous spins...
17:07:53,729 root INFO Waiting for round to end...
17:08:03,813 root INFO Waiting for round to end...
17:08:14,292 root INFO checking previous spins...
17:08:24,657 root INFO Waiting for round to end...
17:08:34,744 root INFO Waiting for round to end...
17:08:45,407 root INFO checking previous spins...
17:08:55,712 root INFO Waiting for round to end...
17:09:05,782 root INFO Waiting for round to end...
17:09:16,193 root INFO checking previous spins...
17:09:26,564 root INFO Waiting for round to end...
17:09:36,788 root INFO Waiting for round to end...
17:09:47,201 root INFO checking previous spins...
17:09:57,535 root INFO Waiting for round to end...
17:10:07,865 root INFO Waiting for round to end...
17:10:18,328 root INFO checking previous spins...
17:10:28,784 root INFO Waiting for round to end...
17:10:39,70 root INFO Waiting for round to end...
17:10:49,551 root INFO checking previous spins...
17:11:00,2 root INFO Waiting for round to end...
17:11:10,378 root INFO Waiting for round to end...
17:11:20,802 root INFO checking previous spins...
17:11:31,118 root INFO Waiting for round to end...
17:11:41,441 root INFO Waiting for round to end...
17:11:51,854 root INFO checking previous spins...
17:12:02,364 root INFO Waiting for round to end...
17:12:12,720 root INFO Waiting for round to end...
17:12:23,161 root INFO checking previous spins...
17:12:33,666 root INFO Waiting for round to end...
17:12:44,39 root INFO Waiting for round to end...
17:12:54,502 root INFO checking previous spins...
17:13:05,108 root INFO Waiting for round to end...
17:13:15,459 root INFO Waiting for round to end...
17:13:25,925 root INFO checking previous spins...
17:13:36,371 root INFO Waiting for round to end...
17:13:46,759 root INFO Waiting for round to end...
17:13:57,181 root INFO checking previous spins...
17:14:07,600 root INFO Waiting for round to end...
17:14:17,693 root INFO Waiting for round to end...
17:14:28,142 root INFO checking previous spins...
17:14:38,676 root INFO checking previous spins...
17:14:48,884 root INFO Waiting for round to end...
17:14:59,268 root INFO checking previous spins...
17:15:09,816 root INFO checking previous spins...
17:15:20,60 root INFO Waiting for round to end...
17:15:30,432 root INFO checking previous spins...
17:15:41,99 root INFO checking previous spins...
17:15:51,512 root INFO Waiting for round to end...
17:16:01,961 root INFO checking previous spins...
17:16:12,563 root INFO checking previous spins...
17:16:22,764 root INFO Waiting for round to end...
17:16:33,98 root INFO checking previous spins...
17:16:43,695 root INFO checking previous spins...
17:16:54,11 root INFO Waiting for round to end...
17:17:04,438 root INFO checking previous spins...
17:17:15,169 root INFO checking previous spins...
17:17:25,475 root INFO Waiting for round to end...
17:17:35,927 root INFO checking previous spins...
17:17:36,364 root INFO setting bet amount 2.0
17:17:36,663 root INFO choosing red color
17:17:36,664 root INFO placing bet 2.0 on red color
17:17:47,405 root INFO Waiting for round to end...
17:17:57,525 root INFO Waiting for round to end...
17:18:08,48 root INFO checking previous spins...
17:18:18,662 root INFO checking previous spins...
17:18:29,4 root INFO Waiting for round to end...
